<?xml version="1.0" encoding="UTF-8"?>
<!-- Generated by org.testng.reporters.JUnitReportReporter -->
<testsuite skipped="0" hostname="NAG1-LHP-N66565" name="tests.ShrineGallery" tests="1" failures="0" timestamp="2020-08-27T18:55:16 IST" time="55.330" errors="0">
  <testcase name="test1" time="55.330" classname="tests.ShrineGallery"/>
  <system-out/>
</testsuite> <!-- tests.ShrineGallery -->
